<?xml version="1.0" encoding="UTF-8"?>
<!-- Generated by org.testng.reporters.JUnitXMLReporter -->
<testsuite ignored="0" hostname="THANHKHANH" failures="0" tests="2" name="NegativeLogInTest-Firefox" time="39.537" errors="0" timestamp="2020-05-09T17:13:03 PDT">
  <testcase classname="com.herokuapp.theinternet.login.tests.NegativeLoginTests" name="incorrectUsernameTest" time="1.705"/>
  <testcase classname="com.herokuapp.theinternet.login.tests.NegativeLoginTests" name="incorrectPasswordTest" time="1.942"/>
</testsuite> <!-- NegativeLogInTest-Firefox -->
